<?xml version="1.0" encoding="UTF-8"?>
<!-- Generated by org.testng.reporters.JUnitXMLReporter -->
<testsuite ignored="0" hostname="WL350671" failures="0" tests="8" name="Command line test" time="13.667" errors="0" timestamp="2020-07-03T16:10:57 IST">
  <testcase classname="com.tieto.base.WebDriverWrapper" name="@BeforeMethod init" time="6.576">
    <failure type="java.io.FileNotFoundException" message="testdata.data.properties (The system cannot find the file specified)">
      <![CDATA[java.io.FileNotFoundException: testdata.data.properties (The system cannot find the file specified)
at java.base/java.io.FileInputStream.open0(Native Method)
at java.base/java.io.FileInputStream.open(FileInputStream.java:212)
at java.base/java.io.FileInputStream.<init>(FileInputStream.java:154)
at java.base/java.io.FileInputStream.<init>(FileInputStream.java:109)
at com.tieto.utilities.PropUtils.getValueFromKey(PropUtils.java:11)
at com.tieto.base.WebDriverWrapper.init(WebDriverWrapper.java:48)
at java.base/java.util.ArrayList.forEach(ArrayList.java:1510)
... Removed 41 stack frames]]>
    </failure>
  </testcase> <!-- @BeforeMethod init -->
  <testcase classname="com.tieto.base.WebDriverWrapper" name="@AfterMethod end" time="-1.593772850427E9">
    <skipped/>
  </testcase> <!-- @AfterMethod end -->
  <testcase classname="com.tieto.base.WebDriverWrapper" name="@BeforeMethod init" time="5.66">
    <failure type="java.io.FileNotFoundException" message="testdata.data.properties (The system cannot find the file specified)">
      <![CDATA[java.io.FileNotFoundException: testdata.data.properties (The system cannot find the file specified)
at java.base/java.io.FileInputStream.open0(Native Method)
at java.base/java.io.FileInputStream.open(FileInputStream.java:212)
at java.base/java.io.FileInputStream.<init>(FileInputStream.java:154)
at java.base/java.io.FileInputStream.<init>(FileInputStream.java:109)
at com.tieto.utilities.PropUtils.getValueFromKey(PropUtils.java:11)
at com.tieto.base.WebDriverWrapper.init(WebDriverWrapper.java:48)
at java.base/java.util.ArrayList.forEach(ArrayList.java:1510)
... Removed 41 stack frames]]>
    </failure>
  </testcase> <!-- @BeforeMethod init -->
  <testcase classname="com.tieto.base.WebDriverWrapper" name="@AfterMethod end" time="-1.593772856096E9">
    <skipped/>
  </testcase> <!-- @AfterMethod end -->
  <testcase classname="com.tieto.base.WebDriverWrapper" name="@BeforeMethod init" time="-1.593772857437E9">
    <skipped/>
  </testcase> <!-- @BeforeMethod init -->
  <testcase classname="com.tieto.base.WebDriverWrapper" name="@AfterMethod end" time="-1.593772857438E9">
    <skipped/>
  </testcase> <!-- @AfterMethod end -->
  <testcase classname="com.tieto.base.WebDriverWrapper" name="@BeforeMethod init" time="-1.593772857438E9">
    <skipped/>
  </testcase> <!-- @BeforeMethod init -->
  <testcase classname="com.tieto.base.WebDriverWrapper" name="@AfterMethod end" time="-1.593772857439E9">
    <skipped/>
  </testcase> <!-- @AfterMethod end -->
  <testcase classname="com.tieto.base.WebDriverWrapper" name="@BeforeMethod init" time="-1.593772857439E9">
    <skipped/>
  </testcase> <!-- @BeforeMethod init -->
  <testcase classname="com.tieto.base.WebDriverWrapper" name="@AfterMethod end" time="-1.59377285744E9">
    <skipped/>
  </testcase> <!-- @AfterMethod end -->
  <testcase classname="com.tieto.base.WebDriverWrapper" name="@BeforeMethod init" time="-1.593772857441E9">
    <skipped/>
  </testcase> <!-- @BeforeMethod init -->
  <testcase classname="com.tieto.base.WebDriverWrapper" name="@AfterMethod end" time="-1.593772857442E9">
    <skipped/>
  </testcase> <!-- @AfterMethod end -->
  <testcase classname="com.tieto.base.WebDriverWrapper" name="@BeforeMethod init" time="-1.593772857443E9">
    <skipped/>
  </testcase> <!-- @BeforeMethod init -->
  <testcase classname="com.tieto.base.WebDriverWrapper" name="@AfterMethod end" time="-1.593772857444E9">
    <skipped/>
  </testcase> <!-- @AfterMethod end -->
  <testcase classname="com.tieto.base.WebDriverWrapper" name="@BeforeMethod init" time="-1.593772857445E9">
    <skipped/>
  </testcase> <!-- @BeforeMethod init -->
  <testcase classname="com.tieto.base.WebDriverWrapper" name="@AfterMethod end" time="-1.593772857445E9">
    <skipped/>
  </testcase> <!-- @AfterMethod end -->
  <testcase classname="com.tieto.test.LoginTest" name="checkLinkCount" time="0.0">
    <skipped/>
  </testcase> <!-- checkLinkCount -->
  <testcase classname="com.tieto.test.AddPatientTest" name="createPtientTest" time="0.0">
    <skipped/>
  </testcase> <!-- createPtientTest -->
  <testcase classname="com.tieto.test.LoginTest" name="validCredentialTest" time="0.0">
    <skipped/>
  </testcase> <!-- validCredentialTest -->
  <testcase classname="com.tieto.test.LoginTest" name="validCredentialTest" time="0.0">
    <skipped/>
  </testcase> <!-- validCredentialTest -->
  <testcase classname="com.tieto.test.LoginTest" name="validCredentialTest" time="0.0">
    <skipped/>
  </testcase> <!-- validCredentialTest -->
  <testcase classname="com.tieto.test.LoginTest" name="validCredentialTest" time="0.0">
    <skipped/>
  </testcase> <!-- validCredentialTest -->
  <testcase classname="com.tieto.test.LoginTest" name="invalidCredentialTest" time="0.0">
    <skipped/>
  </testcase> <!-- invalidCredentialTest -->
  <testcase classname="com.tieto.test.LoginTest" name="invalidCredentialTest" time="0.0">
    <skipped/>
  </testcase> <!-- invalidCredentialTest -->
</testsuite> <!-- Command line test -->
