<?xml version="1.0" encoding="UTF-8"?>
<!-- Generated by org.testng.reporters.JUnitXMLReporter -->
<testsuite ignored="0" hostname="WL350671" failures="0" tests="7" name="Login Test" time="7.173" errors="0" timestamp="2020-07-03T16:19:07 IST">
  <testcase classname="com.tieto.base.WebDriverWrapper" name="@BeforeMethod init" time="5.736">
    <failure type="java.io.FileNotFoundException" message="testdata.data.properties (The system cannot find the file specified)">
      <![CDATA[java.io.FileNotFoundException: testdata.data.properties (The system cannot find the file specified)
at java.base/java.io.FileInputStream.open0(Native Method)
at java.base/java.io.FileInputStream.open(FileInputStream.java:212)
at java.base/java.io.FileInputStream.<init>(FileInputStream.java:154)
at java.base/java.io.FileInputStream.<init>(FileInputStream.java:109)
at com.tieto.utilities.PropUtils.getValueFromKey(PropUtils.java:11)
at com.tieto.base.WebDriverWrapper.init(WebDriverWrapper.java:48)
at java.base/java.util.ArrayList.forEach(ArrayList.java:1510)
... Removed 35 stack frames]]>
    </failure>
  </testcase> <!-- @BeforeMethod init -->
  <testcase classname="com.tieto.base.WebDriverWrapper" name="@AfterMethod end" time="-1.593773345889E9">
    <skipped/>
  </testcase> <!-- @AfterMethod end -->
  <testcase classname="com.tieto.base.WebDriverWrapper" name="@BeforeMethod init" time="-1.593773347218E9">
    <skipped/>
  </testcase> <!-- @BeforeMethod init -->
  <testcase classname="com.tieto.base.WebDriverWrapper" name="@AfterMethod end" time="-1.593773347219E9">
    <skipped/>
  </testcase> <!-- @AfterMethod end -->
  <testcase classname="com.tieto.base.WebDriverWrapper" name="@BeforeMethod init" time="-1.593773347221E9">
    <skipped/>
  </testcase> <!-- @BeforeMethod init -->
  <testcase classname="com.tieto.base.WebDriverWrapper" name="@AfterMethod end" time="-1.593773347229E9">
    <skipped/>
  </testcase> <!-- @AfterMethod end -->
  <testcase classname="com.tieto.base.WebDriverWrapper" name="@BeforeMethod init" time="-1.593773347231E9">
    <skipped/>
  </testcase> <!-- @BeforeMethod init -->
  <testcase classname="com.tieto.base.WebDriverWrapper" name="@AfterMethod end" time="-1.593773347232E9">
    <skipped/>
  </testcase> <!-- @AfterMethod end -->
  <testcase classname="com.tieto.base.WebDriverWrapper" name="@BeforeMethod init" time="-1.593773347234E9">
    <skipped/>
  </testcase> <!-- @BeforeMethod init -->
  <testcase classname="com.tieto.base.WebDriverWrapper" name="@AfterMethod end" time="-1.593773347236E9">
    <skipped/>
  </testcase> <!-- @AfterMethod end -->
  <testcase classname="com.tieto.base.WebDriverWrapper" name="@BeforeMethod init" time="-1.593773347239E9">
    <skipped/>
  </testcase> <!-- @BeforeMethod init -->
  <testcase classname="com.tieto.base.WebDriverWrapper" name="@AfterMethod end" time="-1.593773347242E9">
    <skipped/>
  </testcase> <!-- @AfterMethod end -->
  <testcase classname="com.tieto.base.WebDriverWrapper" name="@BeforeMethod init" time="-1.593773347245E9">
    <skipped/>
  </testcase> <!-- @BeforeMethod init -->
  <testcase classname="com.tieto.base.WebDriverWrapper" name="@AfterMethod end" time="-1.593773347248E9">
    <skipped/>
  </testcase> <!-- @AfterMethod end -->
  <testcase classname="com.tieto.test.LoginTest" name="checkLinkCount" time="0.0">
    <skipped/>
  </testcase> <!-- checkLinkCount -->
  <testcase classname="com.tieto.test.LoginTest" name="validCredentialTest" time="0.0">
    <skipped/>
  </testcase> <!-- validCredentialTest -->
  <testcase classname="com.tieto.test.LoginTest" name="validCredentialTest" time="0.0">
    <skipped/>
  </testcase> <!-- validCredentialTest -->
  <testcase classname="com.tieto.test.LoginTest" name="validCredentialTest" time="0.0">
    <skipped/>
  </testcase> <!-- validCredentialTest -->
  <testcase classname="com.tieto.test.LoginTest" name="validCredentialTest" time="0.0">
    <skipped/>
  </testcase> <!-- validCredentialTest -->
  <testcase classname="com.tieto.test.LoginTest" name="invalidCredentialTest" time="0.0">
    <skipped/>
  </testcase> <!-- invalidCredentialTest -->
  <testcase classname="com.tieto.test.LoginTest" name="invalidCredentialTest" time="0.0">
    <skipped/>
  </testcase> <!-- invalidCredentialTest -->
</testsuite> <!-- Login Test -->
